FamilyMap2/app/build/outputs/logs/manifest-merger-debug-report.txt
-- Merging decision tree log ---
manifest
ADDED from src/main/AndroidManifest.xml:2:1-64:12
INJECTED from src/main/AndroidManifest.xml:2:1-64:12
INJECTED from src/main/AndroidManifest.xml:2:1-64:12
INJECTED from src/main/AndroidManifest.xml:2:1-64:12
MERGED from [androidx.databinding:viewbinding:7.0.3] AndroidManifest.xml:17:1-22:12
MERGED from [androidx.navigation:navigation-ui:2.3.5] AndroidManifest.xml:17:1-24:12
MERGED from [com.google.android.material:material:1.3.0] AndroidManifest.xml:17:1-24:12
MERGED from [androidx.constraintlayout:constraintlayout:2.0.4] AndroidManifest.xml:2:1-11:12
MERGED from [androidx.appcompat:appcompat:1.2.0] AndroidManifest.xml:17:1-24:12
MERGED from [androidx.recyclerview:recyclerview-selection:1.2.0-alpha01] AndroidManifest.xml:17:1-24:12
MERGED from [com.bignerdranch.android:expandablerecyclerview:3.0.0-RC1] AndroidManifest.xml:2:1-11:12
MERGED from [androidx.viewpager2:viewpager2:1.0.0] AndroidManifest.xml:17:1-24:12
MERGED from [androidx.recyclerview:recyclerview:1.3.0-alpha01] AndroidManifest.xml:17:1-24:12
MERGED from [com.joanzapata.iconify:android-iconify-fontawesome:2.2.2] AndroidManifest.xml:2:1-8:12
MERGED from [com.joanzapata.iconify:android-iconify:2.2.2] AndroidManifest.xml:2:1-8:12
MERGED from [androidx.legacy:legacy-support-v4:1.0.0] AndroidManifest.xml:17:1-22:12
MERGED from [androidx.legacy:legacy-support-core-ui:1.0.0] AndroidManifest.xml:17:1-22:12
MERGED from [androidx.cursoradapter:cursoradapter:1.0.0] AndroidManifest.xml:17:1-22:12
MERGED from [androidx.appcompat:appcompat-resources:1.2.0] AndroidManifest.xml:17:1-24:12
MERGED from [androidx.cardview:cardview:1.0.0] AndroidManifest.xml:17:1-22:12
MERGED from [androidx.coordinatorlayout:coordinatorlayout:1.1.0] AndroidManifest.xml:17:1-24:12
MERGED from [androidx.vectordrawable:vectordrawable-animated:1.1.0] AndroidManifest.xml:17:1-24:12
MERGED from [androidx.vectordrawable:vectordrawable:1.1.0] AndroidManifest.xml:17:1-24:12
MERGED from [androidx.lifecycle:lifecycle-viewmodel-ktx:2.3.1] AndroidManifest.xml:17:1-24:12
MERGED from [com.google.android.gms:play-services-maps:17.0.0] AndroidManifest.xml:17:1-38:12
MERGED from [androidx.navigation:navigation-fragment:2.3.5] AndroidManifest.xml:17:1-24:12
MERGED from [com.google.android.gms:play-services-base:17.0.0] AndroidManifest.xml:17:1-29:12
MERGED from [com.google.android.gms:play-services-tasks:17.0.0] AndroidManifest.xml:2:1-9:12
MERGED from [com.google.android.gms:play-services-basement:17.0.0] AndroidManifest.xml:17:1-28:12
MERGED from [androidx.fragment:fragment:1.2.4] AndroidManifest.xml:17:1-24:12
MERGED from [androidx.navigation:navigation-runtime:2.3.5] AndroidManifest.xml:17:1-24:12
MERGED from [androidx.dynamicanimation:dynamicanimation:1.0.0] AndroidManifest.xml:17:1-22:12
MERGED from [androidx.legacy:legacy-support-core-utils:1.0.0] AndroidManifest.xml:17:1-22:12
MERGED from [androidx.loader:loader:1.0.0] AndroidManifest.xml:17:1-22:12
MERGED from [androidx.activity:activity:1.1.0] AndroidManifest.xml:17:1-24:12
MERGED from [androidx.lifecycle:lifecycle-viewmodel-savedstate:2.2.0] AndroidManifest.xml:17:1-24:12
MERGED from [androidx.lifecycle:lifecycle-viewmodel:2.3.1] AndroidManifest.xml:17:1-24:12
MERGED from [androidx.media:media:1.0.0] AndroidManifest.xml:17:1-22:12
MERGED from [androidx.drawerlayout:drawerlayout:1.1.1] AndroidManifest.xml:17:1-24:12
MERGED from [androidx.viewpager:viewpager:1.0.0] AndroidManifest.xml:17:1-22:12
MERGED from [androidx.slidingpanelayout:slidingpanelayout:1.0.0] AndroidManifest.xml:17:1-22:12
MERGED from [androidx.customview:customview:1.1.0] AndroidManifest.xml:17:1-24:12
MERGED from [androidx.transition:transition:1.3.0] AndroidManifest.xml:17:1-24:12
MERGED from [androidx.swiperefreshlayout:swiperefreshlayout:1.0.0] AndroidManifest.xml:17:1-22:12
MERGED from [androidx.asynclayoutinflater:asynclayoutinflater:1.0.0] AndroidManifest.xml:17:1-22:12
MERGED from [androidx.navigation:navigation-common:2.3.5] AndroidManifest.xml:17:1-24:12
MERGED from [androidx.core:core:1.7.0-beta01] AndroidManifest.xml:17:1-26:12
MERGED from [androidx.versionedparcelable:versionedparcelable:1.1.1] AndroidManifest.xml:17:1-27:12
MERGED from [androidx.lifecycle:lifecycle-livedata-ktx:2.3.1] AndroidManifest.xml:17:1-24:12
MERGED from [androidx.lifecycle:lifecycle-livedata:2.3.1] AndroidManifest.xml:17:1-24:12
MERGED from [androidx.lifecycle:lifecycle-livedata-core-ktx:2.3.1] AndroidManifest.xml:17:1-24:12
MERGED from [androidx.lifecycle:lifecycle-livedata-core:2.3.1] AndroidManifest.xml:17:1-24:12
MERGED from [androidx.lifecycle:lifecycle-runtime:2.3.1] AndroidManifest.xml:17:1-24:12
MERGED from [androidx.arch.core:core-runtime:2.1.0] AndroidManifest.xml:17:1-24:12
MERGED from [androidx.savedstate:savedstate:1.0.0] AndroidManifest.xml:17:1-24:12
MERGED from [androidx.documentfile:documentfile:1.0.0] AndroidManifest.xml:17:1-22:12
MERGED from [androidx.localbroadcastmanager:localbroadcastmanager:1.0.0] AndroidManifest.xml:17:1-22:12
MERGED from [androidx.print:print:1.0.0] AndroidManifest.xml:17:1-22:12
MERGED from [androidx.interpolator:interpolator:1.0.0] AndroidManifest.xml:17:1-22:12
MERGED from [androidx.annotation:annotation-experimental:1.1.0] AndroidManifest.xml:17:1-24:12
INJECTED from src/main/AndroidManifest.xml:2:1-64:12
INJECTED from src/main/AndroidManifest.xml:2:1-64:12
INJECTED from src/main/AndroidManifest.xml:2:1-64:12
	package
		ADDED from src/main/AndroidManifest.xml:3:5-25
		INJECTED from src/main/AndroidManifest.xml
		INJECTED from src/main/AndroidManifest.xml
	android:versionName
		INJECTED from src/main/AndroidManifest.xml
		ADDED from src/main/AndroidManifest.xml:2:1-64:12
		INJECTED from src/main/AndroidManifest.xml
	android:versionCode
		INJECTED from src/main/AndroidManifest.xml
		ADDED from src/main/AndroidManifest.xml:2:1-64:12
		INJECTED from src/main/AndroidManifest.xml
	xmlns:android
		ADDED from src/main/AndroidManifest.xml:2:11-69
uses-permission#android.permission.ACCESS_FINE_LOCATION
ADDED from src/main/AndroidManifest.xml:10:5-79
	android:name
		ADDED from src/main/AndroidManifest.xml:10:22-76
uses-permission#android.permission.INTERNET
ADDED from src/main/AndroidManifest.xml:11:5-67
MERGED from [com.google.android.gms:play-services-maps:17.0.0] AndroidManifest.xml:24:5-67
MERGED from [com.google.android.gms:play-services-maps:17.0.0] AndroidManifest.xml:24:5-67
	android:name
		ADDED from src/main/AndroidManifest.xml:11:22-64
uses-permission#android.permission.ACCESS_NETWORK_STATE
ADDED from src/main/AndroidManifest.xml:12:5-79
MERGED from [com.google.android.gms:play-services-maps:17.0.0] AndroidManifest.xml:23:5-79
MERGED from [com.google.android.gms:play-services-maps:17.0.0] AndroidManifest.xml:23:5-79
	android:name
		ADDED from src/main/AndroidManifest.xml:12:22-76
uses-permission#android.permission.ACCESS_COARSE_LOCATION
ADDED from src/main/AndroidManifest.xml:13:5-81
	android:name
		ADDED from src/main/AndroidManifest.xml:13:22-78
uses-permission#com.google.android.providers.gsf.permission.READ_GSERVICES
ADDED from src/main/AndroidManifest.xml:14:5-98
	android:name
		ADDED from src/main/AndroidManifest.xml:14:22-95
application
ADDED from src/main/AndroidManifest.xml:16:5-62:19
MERGED from [com.google.android.material:material:1.3.0] AndroidManifest.xml:22:5-20
MERGED from [com.google.android.material:material:1.3.0] AndroidManifest.xml:22:5-20
MERGED from [androidx.constraintlayout:constraintlayout:2.0.4] AndroidManifest.xml:9:5-20
MERGED from [androidx.constraintlayout:constraintlayout:2.0.4] AndroidManifest.xml:9:5-20
MERGED from [com.google.android.gms:play-services-maps:17.0.0] AndroidManifest.xml:30:5-36:19
MERGED from [com.google.android.gms:play-services-maps:17.0.0] AndroidManifest.xml:30:5-36:19
MERGED from [com.google.android.gms:play-services-base:17.0.0] AndroidManifest.xml:22:5-27:19
MERGED from [com.google.android.gms:play-services-base:17.0.0] AndroidManifest.xml:22:5-27:19
MERGED from [com.google.android.gms:play-services-tasks:17.0.0] AndroidManifest.xml:7:5-20
MERGED from [com.google.android.gms:play-services-tasks:17.0.0] AndroidManifest.xml:7:5-20
MERGED from [com.google.android.gms:play-services-basement:17.0.0] AndroidManifest.xml:22:5-26:19
MERGED from [com.google.android.gms:play-services-basement:17.0.0] AndroidManifest.xml:22:5-26:19
MERGED from [androidx.core:core:1.7.0-beta01] AndroidManifest.xml:24:5-89
MERGED from [androidx.core:core:1.7.0-beta01] AndroidManifest.xml:24:5-89
MERGED from [androidx.versionedparcelable:versionedparcelable:1.1.1] AndroidManifest.xml:24:5-25:19
MERGED from [androidx.versionedparcelable:versionedparcelable:1.1.1] AndroidManifest.xml:24:5-25:19
	android:appComponentFactory
		ADDED from [androidx.core:core:1.7.0-beta01] AndroidManifest.xml:24:18-86
	android:supportsRtl
		ADDED from src/main/AndroidManifest.xml:21:9-35
	android:label
		ADDED from src/main/AndroidManifest.xml:19:9-41
	android:roundIcon
		ADDED from src/main/AndroidManifest.xml:20:9-54
	android:icon
		ADDED from src/main/AndroidManifest.xml:18:9-43
	android:allowBackup
		ADDED from src/main/AndroidManifest.xml:17:9-35
	android:theme
		ADDED from src/main/AndroidManifest.xml:22:9-47
	android:usesCleartextTraffic
		ADDED from src/main/AndroidManifest.xml:23:9-44
activity#Family.Map.Client.UI.EventActivity
ADDED from src/main/AndroidManifest.xml:26:9-29:40
	android:parentActivityName
		ADDED from src/main/AndroidManifest.xml:28:13-65
	android:exported
		ADDED from src/main/AndroidManifest.xml:29:13-37
	android:name
		ADDED from src/main/AndroidManifest.xml:27:13-52
activity#Family.Map.Client.UI.PersonActivity
ADDED from src/main/AndroidManifest.xml:30:9-33:40
	android:parentActivityName
		ADDED from src/main/AndroidManifest.xml:32:13-65
	android:exported
		ADDED from src/main/AndroidManifest.xml:33:13-37
	android:name
		ADDED from src/main/AndroidManifest.xml:31:13-53
activity#Family.Map.Client.UI.SearchActivity
ADDED from src/main/AndroidManifest.xml:34:9-37:40
	android:parentActivityName
		ADDED from src/main/AndroidManifest.xml:36:13-65
	android:exported
		ADDED from src/main/AndroidManifest.xml:37:13-37
	android:name
		ADDED from src/main/AndroidManifest.xml:35:13-53
activity#Family.Map.Client.UI.SettingsActivity
ADDED from src/main/AndroidManifest.xml:38:9-41:40
	android:parentActivityName
		ADDED from src/main/AndroidManifest.xml:40:13-65
	android:exported
		ADDED from src/main/AndroidManifest.xml:41:13-37
	android:name
		ADDED from src/main/AndroidManifest.xml:39:13-55
meta-data#com.google.android.geo.API_KEY
ADDED from src/main/AndroidManifest.xml:50:9-52:55
	android:value
		ADDED from src/main/AndroidManifest.xml:52:13-52
	android:name
		ADDED from src/main/AndroidManifest.xml:51:13-58
activity#Family.Map.Client.UI.MainActivity
ADDED from src/main/AndroidManifest.xml:54:9-61:20
	android:exported
		ADDED from src/main/AndroidManifest.xml:55:13-36
	android:name
		ADDED from src/main/AndroidManifest.xml:54:19-57
intent-filter#action:name:android.intent.action.MAIN+category:name:android.intent.category.LAUNCHER
ADDED from src/main/AndroidManifest.xml:56:13-60:29
action#android.intent.action.MAIN
ADDED from src/main/AndroidManifest.xml:57:17-69
	android:name
		ADDED from src/main/AndroidManifest.xml:57:25-66
category#android.intent.category.LAUNCHER
ADDED from src/main/AndroidManifest.xml:59:17-77
	android:name
		ADDED from src/main/AndroidManifest.xml:59:27-74
uses-sdk
INJECTED from src/main/AndroidManifest.xml reason: use-sdk injection requested
INJECTED from src/main/AndroidManifest.xml
INJECTED from src/main/AndroidManifest.xml
MERGED from [androidx.databinding:viewbinding:7.0.3] AndroidManifest.xml:20:5-44
MERGED from [androidx.databinding:viewbinding:7.0.3] AndroidManifest.xml:20:5-44
MERGED from [androidx.navigation:navigation-ui:2.3.5] AndroidManifest.xml:20:5-22:41
MERGED from [androidx.navigation:navigation-ui:2.3.5] AndroidManifest.xml:20:5-22:41
MERGED from [com.google.android.material:material:1.3.0] AndroidManifest.xml:20:5-44
MERGED from [com.google.android.material:material:1.3.0] AndroidManifest.xml:20:5-44
MERGED from [androidx.constraintlayout:constraintlayout:2.0.4] AndroidManifest.xml:5:5-7:41
MERGED from [androidx.constraintlayout:constraintlayout:2.0.4] AndroidManifest.xml:5:5-7:41
MERGED from [androidx.appcompat:appcompat:1.2.0] AndroidManifest.xml:20:5-22:41
MERGED from [androidx.appcompat:appcompat:1.2.0] AndroidManifest.xml:20:5-22:41
MERGED from [androidx.recyclerview:recyclerview-selection:1.2.0-alpha01] AndroidManifest.xml:20:5-22:41
MERGED from [androidx.recyclerview:recyclerview-selection:1.2.0-alpha01] AndroidManifest.xml:20:5-22:41
MERGED from [com.bignerdranch.android:expandablerecyclerview:3.0.0-RC1] AndroidManifest.xml:7:5-9:41
MERGED from [com.bignerdranch.android:expandablerecyclerview:3.0.0-RC1] AndroidManifest.xml:7:5-9:41
MERGED from [androidx.viewpager2:viewpager2:1.0.0] AndroidManifest.xml:20:5-22:41
MERGED from [androidx.viewpager2:viewpager2:1.0.0] AndroidManifest.xml:20:5-22:41
MERGED from [androidx.recyclerview:recyclerview:1.3.0-alpha01] AndroidManifest.xml:20:5-22:41
MERGED from [androidx.recyclerview:recyclerview:1.3.0-alpha01] AndroidManifest.xml:20:5-22:41
MERGED from [com.joanzapata.iconify:android-iconify-fontawesome:2.2.2] AndroidManifest.xml:6:5-43
MERGED from [com.joanzapata.iconify:android-iconify-fontawesome:2.2.2] AndroidManifest.xml:6:5-43
MERGED from [com.joanzapata.iconify:android-iconify:2.2.2] AndroidManifest.xml:6:5-43
MERGED from [com.joanzapata.iconify:android-iconify:2.2.2] AndroidManifest.xml:6:5-43
MERGED from [androidx.legacy:legacy-support-v4:1.0.0] AndroidManifest.xml:20:5-44
MERGED from [androidx.legacy:legacy-support-v4:1.0.0] AndroidManifest.xml:20:5-44
MERGED from [androidx.legacy:legacy-support-core-ui:1.0.0] AndroidManifest.xml:20:5-44
MERGED from [androidx.legacy:legacy-support-core-ui:1.0.0] AndroidManifest.xml:20:5-44
MERGED from [androidx.cursoradapter:cursoradapter:1.0.0] AndroidManifest.xml:20:5-44
MERGED from [androidx.cursoradapter:cursoradapter:1.0.0] AndroidManifest.xml:20:5-44
MERGED from [androidx.appcompat:appcompat-resources:1.2.0] AndroidManifest.xml:20:5-22:41
MERGED from [androidx.appcompat:appcompat-resources:1.2.0] AndroidManifest.xml:20:5-22:41
MERGED from [androidx.cardview:cardview:1.0.0] AndroidManifest.xml:20:5-44
MERGED from [androidx.cardview:cardview:1.0.0] AndroidManifest.xml:20:5-44
MERGED from [androidx.coordinatorlayout:coordinatorlayout:1.1.0] AndroidManifest.xml:20:5-22:41
MERGED from [androidx.coordinatorlayout:coordinatorlayout:1.1.0] AndroidManifest.xml:20:5-22:41
MERGED from [androidx.vectordrawable:vectordrawable-animated:1.1.0] AndroidManifest.xml:20:5-22:41
MERGED from [androidx.vectordrawable:vectordrawable-animated:1.1.0] AndroidManifest.xml:20:5-22:41
MERGED from [androidx.vectordrawable:vectordrawable:1.1.0] AndroidManifest.xml:20:5-22:41
MERGED from [androidx.vectordrawable:vectordrawable:1.1.0] AndroidManifest.xml:20:5-22:41
MERGED from [androidx.lifecycle:lifecycle-viewmodel-ktx:2.3.1] AndroidManifest.xml:20:5-22:41
MERGED from [androidx.lifecycle:lifecycle-viewmodel-ktx:2.3.1] AndroidManifest.xml:20:5-22:41
MERGED from [com.google.android.gms:play-services-maps:17.0.0] AndroidManifest.xml:20:5-44
MERGED from [com.google.android.gms:play-services-maps:17.0.0] AndroidManifest.xml:20:5-44
MERGED from [androidx.navigation:navigation-fragment:2.3.5] AndroidManifest.xml:20:5-22:41
MERGED from [androidx.navigation:navigation-fragment:2.3.5] AndroidManifest.xml:20:5-22:41
MERGED from [com.google.android.gms:play-services-base:17.0.0] AndroidManifest.xml:20:5-44
MERGED from [com.google.android.gms:play-services-base:17.0.0] AndroidManifest.xml:20:5-44
MERGED from [com.google.android.gms:play-services-tasks:17.0.0] AndroidManifest.xml:5:5-44
MERGED from [com.google.android.gms:play-services-tasks:17.0.0] AndroidManifest.xml:5:5-44
MERGED from [com.google.android.gms:play-services-basement:17.0.0] AndroidManifest.xml:20:5-44
MERGED from [com.google.android.gms:play-services-basement:17.0.0] AndroidManifest.xml:20:5-44
MERGED from [androidx.fragment:fragment:1.2.4] AndroidManifest.xml:20:5-22:41
MERGED from [androidx.fragment:fragment:1.2.4] AndroidManifest.xml:20:5-22:41
MERGED from [androidx.navigation:navigation-runtime:2.3.5] AndroidManifest.xml:20:5-22:41
MERGED from [androidx.navigation:navigation-runtime:2.3.5] AndroidManifest.xml:20:5-22:41
MERGED from [androidx.dynamicanimation:dynamicanimation:1.0.0] AndroidManifest.xml:20:5-44
MERGED from [androidx.dynamicanimation:dynamicanimation:1.0.0] AndroidManifest.xml:20:5-44
MERGED from [androidx.legacy:legacy-support-core-utils:1.0.0] AndroidManifest.xml:20:5-44
MERGED from [androidx.legacy:legacy-support-core-utils:1.0.0] AndroidManifest.xml:20:5-44
MERGED from [androidx.loader:loader:1.0.0] AndroidManifest.xml:20:5-44
MERGED from [androidx.loader:loader:1.0.0] AndroidManifest.xml:20:5-44
MERGED from [androidx.activity:activity:1.1.0] AndroidManifest.xml:20:5-22:41
MERGED from [androidx.activity:activity:1.1.0] AndroidManifest.xml:20:5-22:41
MERGED from [androidx.lifecycle:lifecycle-viewmodel-savedstate:2.2.0] AndroidManifest.xml:20:5-22:41
MERGED from [androidx.lifecycle:lifecycle-viewmodel-savedstate:2.2.0] AndroidManifest.xml:20:5-22:41
MERGED from [androidx.lifecycle:lifecycle-viewmodel:2.3.1] AndroidManifest.xml:20:5-22:41
MERGED from [androidx.lifecycle:lifecycle-viewmodel:2.3.1] AndroidManifest.xml:20:5-22:41
MERGED from [androidx.media:media:1.0.0] AndroidManifest.xml:20:5-44
MERGED from [androidx.media:media:1.0.0] AndroidManifest.xml:20:5-44
MERGED from [androidx.drawerlayout:drawerlayout:1.1.1] AndroidManifest.xml:20:5-22:41
MERGED from [androidx.drawerlayout:drawerlayout:1.1.1] AndroidManifest.xml:20:5-22:41
MERGED from [androidx.viewpager:viewpager:1.0.0] AndroidManifest.xml:20:5-44
MERGED from [androidx.viewpager:viewpager:1.0.0] AndroidManifest.xml:20:5-44
MERGED from [androidx.slidingpanelayout:slidingpanelayout:1.0.0] AndroidManifest.xml:20:5-44
MERGED from [androidx.slidingpanelayout:slidingpanelayout:1.0.0] AndroidManifest.xml:20:5-44
MERGED from [androidx.customview:customview:1.1.0] AndroidManifest.xml:20:5-22:41
MERGED from [androidx.customview:customview:1.1.0] AndroidManifest.xml:20:5-22:41
MERGED from [androidx.transition:transition:1.3.0] AndroidManifest.xml:20:5-22:41
MERGED from [androidx.transition:transition:1.3.0] AndroidManifest.xml:20:5-22:41
MERGED from [androidx.swiperefreshlayout:swiperefreshlayout:1.0.0] AndroidManifest.xml:20:5-44
MERGED from [androidx.swiperefreshlayout:swiperefreshlayout:1.0.0] AndroidManifest.xml:20:5-44
MERGED from [androidx.asynclayoutinflater:asynclayoutinflater:1.0.0] AndroidManifest.xml:20:5-44
MERGED from [androidx.asynclayoutinflater:asynclayoutinflater:1.0.0] AndroidManifest.xml:20:5-44
MERGED from [androidx.navigation:navigation-common:2.3.5] AndroidManifest.xml:20:5-22:41
MERGED from [androidx.navigation:navigation-common:2.3.5] AndroidManifest.xml:20:5-22:41
MERGED from [androidx.core:core:1.7.0-beta01] AndroidManifest.xml:20:5-22:41
MERGED from [androidx.core:core:1.7.0-beta01] AndroidManifest.xml:20:5-22:41
MERGED from [androidx.versionedparcelable:versionedparcelable:1.1.1] AndroidManifest.xml:20:5-22:41
MERGED from [androidx.versionedparcelable:versionedparcelable:1.1.1] AndroidManifest.xml:20:5-22:41
MERGED from [androidx.lifecycle:lifecycle-livedata-ktx:2.3.1] AndroidManifest.xml:20:5-22:41
MERGED from [androidx.lifecycle:lifecycle-livedata-ktx:2.3.1] AndroidManifest.xml:20:5-22:41
MERGED from [androidx.lifecycle:lifecycle-livedata:2.3.1] AndroidManifest.xml:20:5-22:41
MERGED from [androidx.lifecycle:lifecycle-livedata:2.3.1] AndroidManifest.xml:20:5-22:41
MERGED from [androidx.lifecycle:lifecycle-livedata-core-ktx:2.3.1] AndroidManifest.xml:20:5-22:41
MERGED from [androidx.lifecycle:lifecycle-livedata-core-ktx:2.3.1] AndroidManifest.xml:20:5-22:41
MERGED from [androidx.lifecycle:lifecycle-livedata-core:2.3.1] AndroidManifest.xml:20:5-22:41
MERGED from [androidx.lifecycle:lifecycle-livedata-core:2.3.1] AndroidManifest.xml:20:5-22:41
MERGED from [androidx.lifecycle:lifecycle-runtime:2.3.1] AndroidManifest.xml:20:5-22:41
MERGED from [androidx.lifecycle:lifecycle-runtime:2.3.1] AndroidManifest.xml:20:5-22:41
MERGED from [androidx.arch.core:core-runtime:2.1.0] AndroidManifest.xml:20:5-22:41
MERGED from [androidx.arch.core:core-runtime:2.1.0] AndroidManifest.xml:20:5-22:41
MERGED from [androidx.savedstate:savedstate:1.0.0] AndroidManifest.xml:20:5-22:41
MERGED from [androidx.savedstate:savedstate:1.0.0] AndroidManifest.xml:20:5-22:41
MERGED from [androidx.documentfile:documentfile:1.0.0] AndroidManifest.xml:20:5-44
MERGED from [androidx.documentfile:documentfile:1.0.0] AndroidManifest.xml:20:5-44
MERGED from [androidx.localbroadcastmanager:localbroadcastmanager:1.0.0] AndroidManifest.xml:20:5-44
MERGED from [androidx.localbroadcastmanager:localbroadcastmanager:1.0.0] AndroidManifest.xml:20:5-44
MERGED from [androidx.print:print:1.0.0] AndroidManifest.xml:20:5-44
MERGED from [androidx.print:print:1.0.0] AndroidManifest.xml:20:5-44
MERGED from [androidx.interpolator:interpolator:1.0.0] AndroidManifest.xml:20:5-44
MERGED from [androidx.interpolator:interpolator:1.0.0] AndroidManifest.xml:20:5-44
MERGED from [androidx.annotation:annotation-experimental:1.1.0] AndroidManifest.xml:20:5-22:41
MERGED from [androidx.annotation:annotation-experimental:1.1.0] AndroidManifest.xml:20:5-22:41
INJECTED from src/main/AndroidManifest.xml
INJECTED from src/main/AndroidManifest.xml
	android:targetSdkVersion
		INJECTED from src/main/AndroidManifest.xml
		ADDED from src/main/AndroidManifest.xml
		INJECTED from src/main/AndroidManifest.xml
	android:minSdkVersion
		INJECTED from src/main/AndroidManifest.xml
		ADDED from src/main/AndroidManifest.xml
		INJECTED from src/main/AndroidManifest.xml
uses-feature#0x00020000
ADDED from [com.google.android.gms:play-services-maps:17.0.0] AndroidManifest.xml:26:5-28:35
	android:glEsVersion
		ADDED from [com.google.android.gms:play-services-maps:17.0.0] AndroidManifest.xml:27:9-41
	android:required
		ADDED from [com.google.android.gms:play-services-maps:17.0.0] AndroidManifest.xml:28:9-32
uses-library#org.apache.http.legacy
ADDED from [com.google.android.gms:play-services-maps:17.0.0] AndroidManifest.xml:33:9-35:40
	android:required
		ADDED from [com.google.android.gms:play-services-maps:17.0.0] AndroidManifest.xml:35:13-37
	android:name
		ADDED from [com.google.android.gms:play-services-maps:17.0.0] AndroidManifest.xml:34:13-50
activity#com.google.android.gms.common.api.GoogleApiActivity
ADDED from [com.google.android.gms:play-services-base:17.0.0] AndroidManifest.xml:23:9-26:75
	android:exported
		ADDED from [com.google.android.gms:play-services-base:17.0.0] AndroidManifest.xml:25:13-37
	android:theme
		ADDED from [com.google.android.gms:play-services-base:17.0.0] AndroidManifest.xml:26:13-72
	android:name
		ADDED from [com.google.android.gms:play-services-base:17.0.0] AndroidManifest.xml:24:13-79
meta-data#com.google.android.gms.version
ADDED from [com.google.android.gms:play-services-basement:17.0.0] AndroidManifest.xml:23:9-25:69
	android:value
		ADDED from [com.google.android.gms:play-services-basement:17.0.0] AndroidManifest.xml:25:13-66
	android:name
		ADDED from [com.google.android.gms:play-services-basement:17.0.0] AndroidManifest.xml:24:13-58